[Licensing::Module] Trying to connect to existing licensing client channel...
Built from '6000.5/staging' branch; Version is '6000.5.2f1 (eb73d3b415a1) revision 15430611'; Using compiler version '194234433'; Build Type 'Release'
[Licensing::IpcConnector] Channel LicenseClient-tungd doesn't exist
OS: 'Windows 11  (10.0.26200) Professional' Language: 'en' Physical Memory: 16105 MB
BatchMode: 1, IsHumanControllingUs: 0, StartBugReporterOnCrash: 0, Is64bit: 1
System  architecture: x64
Process architecture: x64
Date: 2026-07-08T09:26:32Z
[Licensing::Module] Successfully launched the LicensingClient (PId: 22872)

COMMAND LINE ARGUMENTS:
D:\game\6000.5.2f1\Editor\Unity.exe
-batchmode
-projectPath
D:\project\games
-executeMethod
BuildScript.BuildWindows
-quit
-logFile
D:\project\games\build.log
Successfully changed project path to: D:\project\games
D:/project/games
Exiting without the bug reporter. Application will terminate with return code 1