[Licensing::Module] Trying to connect to existing licensing client channel...
Built from '6000.5/staging' branch; Version is '6000.5.2f1 (eb73d3b415a1) revision 15430611'; Using compiler version '194234433'; Build Type 'Release'
[Licensing::IpcConnector] Successfully connected to: "LicenseClient-GhLS5lIhr0EyWMIeHAzj7" at "2026-07-08T09:13:40.4903303Z"
OS: 'Windows 11  (10.0.26200) Professional' Language: 'en' Physical Memory: 16105 MB
BatchMode: 0, IsHumanControllingUs: 1, StartBugReporterOnCrash: 1, Is64bit: 1
System  architecture: x64
Process architecture: x64
Date: 2026-07-08T09:13:40Z

COMMAND LINE ARGUMENTS:
D:\game\6000.5.2f1\Editor\Unity.exe
-projectpath
D:\project\games
-acceptSoftwareTermsForThisRunOnly
-useHub
-hubIPC
-cloudEnvironment
production
-licensingIpc
LicenseClient-GhLS5lIhr0EyWMIeHAzj7
-hubSessionId
f6cc1ead-3d65-4dee-ab0e-30276fa29197
-accessToken
XZU6b3JqFRHnQ6jDA43Cdu-3McXTe0j4qZ4KaLOX4HE011f
Successfully changed project path to: D:\project\games
D:/project/games
[UnityMemory] Configuration Parameters - Can be set up in boot.config
    "memorysetup-temp-allocator-size-gi-baking-worker=262144"
    "memorysetup-temp-allocator-size-gi-baking-worker=262144"
    "memorysetup-temp-allocator-size-gi-baking-worker=262144"
    "memorysetup-temp-allocator-size-gi-baking-worker=262144"
    "memorysetup-temp-allocator-size-gi-baking-worker=262144"
    "memorysetup-temp-allocator-size-nav-mesh-worker=65536"
    "memorysetup-temp-allocator-size-audio-worker=65536"
    "memorysetup-temp-allocator-size-cloud-worker=32768"
    "memorysetup-temp-allocator-size-gfx=262144"
    "memorysetup-temp-allocator-size-preload-manager=33554432"
    "memorysetup-allocator-temp-initial-block-size-main=262144"
    "memorysetup-allocator-temp-initial-block-size-worker=262144"
    "memorysetup-temp-allocator-size-job-worker=262144"
    "memorysetup-temp-allocator-size-background-worker=32768"
    "memorysetup-bucket-allocator-granularity=16"
    "memorysetup-bucket-allocator-bucket-count=8"
    "memorysetup-bucket-allocator-block-size=33554432"
    "memorysetup-bucket-allocator-block-count=8"
    "memorysetup-main-allocator-block-size=16777216"
    "memorysetup-thread-allocator-block-size=16777216"
    "memorysetup-main-allocator-mimalloc-enabled=0"
    "memorysetup-gfx-main-allocator-block-size=16777216"
    "memorysetup-gfx-thread-allocator-block-size=16777216"
    "memorysetup-cache-allocator-block-size=4194304"
    "memorysetup-typetree-allocator-block-size=2097152"
    "memorysetup-profiler-bucket-allocator-granularity=16"
    "memorysetup-profiler-bucket-allocator-bucket-count=8"
    "memorysetup-profiler-bucket-allocator-block-size=33554432"
    "memorysetup-profiler-bucket-allocator-block-count=8"
    "memorysetup-profiler-allocator-block-size=16777216"
    "memorysetup-profiler-editor-allocator-block-size=1048576"
    "memorysetup-temp-allocator-size-main=16777216"
    "memorysetup-job-temp-allocator-block-size=2097152"
    "memorysetup-job-temp-allocator-block-size-background=1048576"
    "memorysetup-job-temp-allocator-reduction-small-platforms=262144"
Player connection [23408]  Target information:

Player connection [23408]  * "[IP] 192.168.1.14 [Port] 55504 [Flags] 2 [Guid] 811839548 [EditorId] 811839548 [Version] 1048832 [Id] WindowsEditor(7,DESKTOP-UD209NF) [Debug] 1 [PackageName] WindowsEditor [ProjectName] Editor" 

Player connection [23408] Host joined multi-casting on [225.0.0.222:54997]...
Player connection [23408] Host joined alternative multi-casting on [225.0.0.222:34997]...
Input System module state changed to: Initialized.
[Physics::Module] Initialized fallback backend.
[Physics::Module] Id: 0xdecafbad
[Package Manager] Connected to IPC stream "Upm-4704" after 0.3 seconds.
[Licensing::Module] Licensing is not yet initialized.
[Licensing::Client] Error: HandshakeResponse reported an error:
	ResponseCode: 505
	ResponseStatus: Unsupported protocol version '1.18.1'.
[Licensing::Module] Error: Failed to handshake to channel: "LicenseClient-GhLS5lIhr0EyWMIeHAzj7"
[Licensing::IpcConnector] LicenseClient-GhLS5lIhr0EyWMIeHAzj7 channel disconnected successfully.
[Licensing::IpcConnector] Channel LicenseClient-tungd-6000.5.2 doesn't exist
[Licensing::Module] Successfully launched the LicensingClient (PId: 20924)
Starting IPC server.
Waiting for clients to connect on \\.\pipe\Unity-LicenseClient-tungd-6000.5.2, press Ctrl-C to exit.
[Licensing::IpcConnector] Successfully connected to: "LicenseClient-tungd-6000.5.2" at "2026-07-08T09:13:41.9130695Z"
[Licensing::Client] Code 10 while verifying Licensing Client signature (process Id: 20924, path: "D:/game/6000.5.2f1/Editor/Data/Resources/Licensing/Client/Unity.Licensing.Client.exe")
[Licensing::Module] LicensingClient has failed validation; ignoring
[Licensing::Client] Handshaking with LicensingClient:
  Version:                 1.18.1+9fbee8e
  Session Id:              7d064e3684fc4a2ebb31e07abc2d0da6
  Correlation Id:          64c8faadfe66c0a4118d8b15124ed8d9
  External correlation Id: 2625133763360650441
  Machine Id:              +5IiNaHEljFX9OpPK+7K0ixMBgA=
[Licensing::Module] Successfully connected to LicensingClient on channel: "LicenseClient-tungd-6000.5.2" (connect: 0.37s, validation: 0.13s, handshake: 0.01s)
[Licensing::IpcConnector] Successfully connected to: "LicenseClient-tungd-6000.5.2-notifications" at "2026-07-08T09:13:42.0513816Z"
[Licensing::Module] Connected to LicensingClient (PId: 20924, launch time: 0.01, total connection time: 0.51s)
[Licensing::Client] Successfully updated the access token
[Licensing::Module] Successfully updated the access token XZU6b3JqFR...
[Licensing::Client] Successfully resolved entitlement details
[Licensing::Module] License group:
  Id: 18967142897802-UnityPersXXXX
  Product: Unity Personal
  Type: Assigned
  Expiration: Unlimited
[Licensing::Client] Successfully updated license, isAsync: True, time: 0.01
[Licensing::Client] Successfully resolved entitlement details
[Licensing::Module] Licensing Background thread has ended after 1.63s
[Licensing::Module] Licensing is initialized (took 1.23s).
[Licensing::Client] Successfully resolved entitlement details
Library Redirect Path: Library/
[Physics::Module] Selected backend.
[Physics::Module] Name: PhysX
[Physics::Module] Id: 0xf2b8ea05
[Physics::Module] SDK Version: 4.1.2
[Physics::Module] Integration Version: 1.0.0
[Physics::Module] Threading Mode: Multi-Threaded
Initialize engine version: 6000.5.2f1 (eb73d3b415a1)
[Subsystems] Discovering subsystems at path D:/game/6000.5.2f1/Editor/Data/Resources/UnitySubsystems
[Subsystems] Discovering subsystems at path D:/project/games/Assets
[D3D12 Device Filter] Vendor Name: NVIDIA
[D3D12 Device Filter] Device Name: NVIDIA GeForce GTX 1650
[D3D12 Device Filter] Driver Version: 32.0.15.9186
[D3D12 Device Filter] Feature Level: 12.1
[D3D12 Device Filter] Graphics Memory: 3935 MB
[D3D12 Device Filter] Processor Count: 8
[D3D12 Device Filter] Device Type: Discrete
GfxDevice: creating device client; kGfxThreadingModeSplitJobs
d3d12: failed to query info queue interface (0x80004002).
Direct3D:
    Version:         Direct3D 12 [level 12.1]
    Renderer:        NVIDIA GeForce GTX 1650 (ID=0x1f82)
    Vendor:          NVIDIA
    VRAM:            3935 MB
    App VRAM Budget: 3344 MB
    Driver:          32.0.15.9186
Initialize mono
Mono path[0] = 'D:/game/6000.5.2f1/Editor/Data/Managed'
Mono path[1] = 'D:/game/6000.5.2f1/Editor/Data/BCLExtensions/runtime/netstandard2.1'
Mono path[2] = 'D:/game/6000.5.2f1/Editor/Data/MonoBleedingEdge/lib/mono/unityjit-win32'
Mono config path = 'D:/game/6000.5.2f1/Editor/Data/MonoBleedingEdge/etc'
Using monoOptions --debugger-agent=transport=dt_socket,embedding=1,server=y,suspend=n,address=127.0.0.1:56704
CodeReloadManager initialized
ImportWorker Server TCP listen port: 0
AcceleratorClientConnectionCallback - disconnected - :0
Begin MonoManager ReloadAssembly
Registering precompiled unity dll's ...
Register platform support module: D:/game/6000.5.2f1/Editor/Data/PlaybackEngines/WebGLSupport/UnityEditor.WebGL.Extensions.dll
Register platform support module: D:/game/6000.5.2f1/Editor/Data/PlaybackEngines/WindowsStandaloneSupport/UnityEditor.WindowsStandalone.Extensions.dll
Registered in 0.001205 seconds.
Native extension for WindowsStandalone target not found
Native extension for WebGL target not found
Package Manager log level set to [2]
ScheduleIndexationOnStartup MainProcess:False IndexOnStartup:True
Mono: successfully reloaded assembly
- Finished resetting the current domain, in  0.483 seconds
Domain Reload Profiling: 1026ms
	BeginReloadAssembly (130ms)
		CreateAndSetChildDomain (9ms)
	RebuildCommonClasses (7ms)
	RebuildNativeTypeToScriptingClass (17ms)
	initialDomainReloadingComplete (68ms)
	LoadAllAssembliesAndSetupDomain (319ms)
		LoadAssemblies (121ms)
		AnalyzeDomain (239ms)
			TypeCache.Refresh (237ms)
				TypeCache.ScanAssembly (219ms)
	FinalizeReload (486ms)
		SetupLoadedEditorAssemblies (0ms)
			InitializePlatformSupportModulesInManaged (3ms)
			BeforeProcessingInitializeOnLoad (100ms)
			ProcessInitializeOnLoadAttributes (120ms)
			ProcessInitializeOnLoadMethodAttributes (173ms)
[Licensing::Client] Successfully resolved entitlement details
Application.AssetDatabase Initial Refresh Start
[Package Manager] Restoring resolved packages state from cache
[Licensing::Client] Successfully resolved entitlement details
[Package Manager] Registered 37 packages:
  Built-in packages:
    com.unity.multiplayer.center@1.0.1 (location: D:\project\games\Library\PackageCache\com.unity.multiplayer.center@b860850997d0)
    com.unity.modules.accessibility@1.0.0 (location: D:\project\games\Library\PackageCache\com.unity.modules.accessibility)
    com.unity.modules.adaptiveperformance@1.0.0 (location: D:\project\games\Library\PackageCache\com.unity.modules.adaptiveperformance)
    com.unity.modules.ai@1.0.0 (location: D:\project\games\Library\PackageCache\com.unity.modules.ai)
    com.unity.modules.androidjni@1.0.0 (location: D:\project\games\Library\PackageCache\com.unity.modules.androidjni)
    com.unity.modules.animation@1.0.0 (location: D:\project\games\Library\PackageCache\com.unity.modules.animation)
    com.unity.modules.assetbundle@1.0.0 (location: D:\project\games\Library\PackageCache\com.unity.modules.assetbundle)
    com.unity.modules.audio@1.0.0 (location: D:\project\games\Library\PackageCache\com.unity.modules.audio)
    com.unity.modules.cloth@1.0.0 (location: D:\project\games\Library\PackageCache\com.unity.modules.cloth)
    com.unity.modules.director@1.0.0 (location: D:\project\games\Library\PackageCache\com.unity.modules.director)
    com.unity.modules.imageconversion@1.0.0 (location: D:\project\games\Library\PackageCache\com.unity.modules.imageconversion)
    com.unity.modules.imgui@1.0.0 (location: D:\project\games\Library\PackageCache\com.unity.modules.imgui)
    com.unity.modules.jsonserialize@1.0.0 (location: D:\project\games\Library\PackageCache\com.unity.modules.jsonserialize)
    com.unity.modules.particlesystem@1.0.0 (location: D:\project\games\Library\PackageCache\com.unity.modules.particlesystem)
    com.unity.modules.physics@1.0.0 (location: D:\project\games\Library\PackageCache\com.unity.modules.physics)
    com.unity.modules.physics2d@1.0.0 (location: D:\project\games\Library\PackageCache\com.unity.modules.physics2d)
    com.unity.modules.physicscore2d@1.0.0 (location: D:\project\games\Library\PackageCache\com.unity.modules.physicscore2d)
    com.unity.modules.screencapture@1.0.0 (location: D:\project\games\Library\PackageCache\com.unity.modules.screencapture)
    com.unity.modules.terrain@1.0.0 (location: D:\project\games\Library\PackageCache\com.unity.modules.terrain)
    com.unity.modules.terrainphysics@1.0.0 (location: D:\project\games\Library\PackageCache\com.unity.modules.terrainphysics)
    com.unity.modules.tilemap@1.0.0 (location: D:\project\games\Library\PackageCache\com.unity.modules.tilemap)
    com.unity.modules.ui@1.0.0 (location: D:\project\games\Library\PackageCache\com.unity.modules.ui)
    com.unity.modules.uielements@1.0.0 (location: D:\project\games\Library\PackageCache\com.unity.modules.uielements)
    com.unity.modules.umbra@1.0.0 (location: D:\project\games\Library\PackageCache\com.unity.modules.umbra)
    com.unity.modules.unityanalytics@1.0.0 (location: D:\project\games\Library\PackageCache\com.unity.modules.unityanalytics)
    com.unity.modules.unitywebrequest@1.0.0 (location: D:\project\games\Library\PackageCache\com.unity.modules.unitywebrequest)
    com.unity.modules.unitywebrequestassetbundle@1.0.0 (location: D:\project\games\Library\PackageCache\com.unity.modules.unitywebrequestassetbundle)
    com.unity.modules.unitywebrequestaudio@1.0.0 (location: D:\project\games\Library\PackageCache\com.unity.modules.unitywebrequestaudio)
    com.unity.modules.unitywebrequesttexture@1.0.0 (location: D:\project\games\Library\PackageCache\com.unity.modules.unitywebrequesttexture)
    com.unity.modules.unitywebrequestwww@1.0.0 (location: D:\project\games\Library\PackageCache\com.unity.modules.unitywebrequestwww)
    com.unity.modules.vectorgraphics@1.0.0 (location: D:\project\games\Library\PackageCache\com.unity.modules.vectorgraphics)
    com.unity.modules.vehicles@1.0.0 (location: D:\project\games\Library\PackageCache\com.unity.modules.vehicles)
    com.unity.modules.video@1.0.0 (location: D:\project\games\Library\PackageCache\com.unity.modules.video)
    com.unity.modules.wind@1.0.0 (location: D:\project\games\Library\PackageCache\com.unity.modules.wind)
    com.unity.modules.xr@1.0.0 (location: D:\project\games\Library\PackageCache\com.unity.modules.xr)
    com.unity.modules.subsystems@1.0.0 (location: D:\project\games\Library\PackageCache\com.unity.modules.subsystems)
    com.unity.modules.hierarchycore@1.0.0 (location: D:\project\games\Library\PackageCache\com.unity.modules.hierarchycore)
[Subsystems] No new subsystems found in resolved package list.
[Package Manager] Done registering packages in 0.01 seconds
info: Microsoft.Hosting.Lifetime[14]
      Now listening on: http://localhost:80
info: Microsoft.Hosting.Lifetime[0]
      Application started. Press Ctrl+C to shut down.
info: Microsoft.Hosting.Lifetime[0]
      Hosting environment: Production
info: Microsoft.Hosting.Lifetime[0]
      Content root path: D:\project\games
info: Microsoft.AspNetCore.Hosting.Diagnostics[1]
      Request starting HTTP/2 POST http://ilpp/UnityILPP.PostProcessing/Ping - application/grpc -
info: Microsoft.AspNetCore.Routing.EndpointMiddleware[0]
      Executing endpoint 'gRPC - /UnityILPP.PostProcessing/Ping'
info: Microsoft.AspNetCore.Routing.EndpointMiddleware[1]
      Executed endpoint 'gRPC - /UnityILPP.PostProcessing/Ping'
info: Microsoft.AspNetCore.Hosting.Diagnostics[2]
      Request finished HTTP/2 POST http://ilpp/UnityILPP.PostProcessing/Ping - 200 - application/grpc 27.9065ms
Starting: D:\game\6000.5.2f1\Editor\Data\Tools\BuildPipeline\bee_backend.exe --ipc --defer-dag-verification --dagfile="Library/Bee/1900b0aE.dag" --continue-on-failure --profile="Library/Bee/backend1.traceevents" ScriptAssemblies
WorkingDir: D:/project/games
ExitCode: 0 Duration: 0s86ms
*** Tundra build success (0.04 seconds), 0 items updated, 194 evaluated
AssetDatabase: script compilation time: 0.450691s
Total cache size 13334272
Total cache size after purge 13334272, took 00:00:00.0325961
Begin MonoManager ReloadAssembly
Native extension for WindowsStandalone target not found
Native extension for WebGL target not found
ScheduleIndexationOnStartup MainProcess:True IndexOnStartup:True
Mono: successfully reloaded assembly
- Finished resetting the current domain, in  0.483 seconds
Domain Reload Profiling: 840ms
	BeginReloadAssembly (199ms)
		DisableScriptedObjects (24ms)
		CreateAndSetChildDomain (34ms)
	RebuildCommonClasses (8ms)
	RebuildNativeTypeToScriptingClass (16ms)
	initialDomainReloadingComplete (35ms)
	LoadAllAssembliesAndSetupDomain (97ms)
		LoadAssemblies (101ms)
		AnalyzeDomain (12ms)
			TypeCache.Refresh (7ms)
			BuildScriptInfoCaches (3ms)
	FinalizeReload (485ms)
		SetupLoadedEditorAssemblies (0ms)
			BeforeProcessingInitializeOnLoad (88ms)
			ProcessInitializeOnLoadAttributes (95ms)
			ProcessInitializeOnLoadMethodAttributes (97ms)
		AwakeInstancesAfterBackupRestoration (24ms)
Starting new worker id: 0 with log in D:/project/games/Logs/AssetImportWorkerHW0.log

Asset Pipeline Refresh (id=de7210178b842f0498e2877cfc64842b): Total: 1.454 seconds - Initiated by InitialRefreshV2(ForceSynchronousImport)
	(Values over 0.05ms)
	Summary:
		Imports: total=0 (actual=0, local cache=0, cache server=0)
		Asset DB Process Time: managed=0 ms, native=575 ms
		Asset DB Callback time: managed=28 ms, native=13 ms
		Scripting: domain reloads=1, domain reload time=379 ms, compile time=453 ms, other=3 ms
		Project Asset Count: scripts=121, non-scripts=82
		Asset File Changes: new=0, changed=0, moved=0, deleted=0
		Scan Filter Count: 0
	InvokePackagesCallback: 14.535ms
	ApplyChangesToAssetFolders: 0.439ms
	Scan: 26.883ms
	Collect global state as custom dependencies: 3.023ms
	CategorizeScriptCompilationAssets: 0.280ms
	ProcessAssetsWithTransientArtifactChanges: 1.185ms
	CategorizeAssets: 1.408ms
	CompileScripts: 453.180ms
	ImportOutOfDateAssets: 496.522ms (487.182ms without children)
		UnloadImportedAssets: 0.134ms
		ImportSchedulerStart: 9.160ms
	PostProcessAllAssets: 28.660ms
		MonoPostProcessAllAssets: 28.525ms
			WindowAssetPostprocessingWatcher.OnPostprocessAllAssets 10.928ms
			SyncVS.PostprocessSyncProject 1.866ms
			SpeedTree9Postprocessor.OnPostprocessAllAssets 0.764ms
			ReferencedClipsPostProcessor.OnPostprocessAllAssets 0.362ms
			TerrainToolbarOverlayPostProcessor.OnPostprocessAllAssets 0.192ms
			AssetDatabaseCallbacks.OnPostprocessAllAssets 0.173ms
			RenderPipelineGlobalSettingsPostprocessor.OnPostprocessAllAssets 0.101ms
	UnloadStreamsBegin: 1.502ms
	GenerateScriptTypeHashes: 0.200ms
	GenerateScriptTypeSerializationHashes: 0.434ms
	Untracked: 421.868ms

Application.AssetDatabase Initial Refresh End
Launched and connected shader compiler UnityShaderCompiler.exe after 0.01 seconds
Scanning for USB devices : 2.970ms
Initializing Unity extensions:
[MODES] ModeService[none].Initialize
[MODES] ModeService[none].LoadModes
[MODES] Loading mode Default (0) for mode-current-id-games
Unloading 3 Unused Serialized files (Serialized files now loaded: 0)
Unloading 83 unused Assets / (0.5 MB). Loaded Objects now: 735.
Memory consumption went from 204.8 MB to 204.3 MB.
Total: 5.035400 ms (FindLiveObjects: 0.058200 ms CreateObjectMapping: 0.023600 ms MarkObjects: 4.667400 ms  DeleteObjects: 0.281400 ms)

[LAYOUT] About to load UserSettings\Layouts\default-6000.dwlt, keepMainWindow=False
[LAYOUT] About to save layout D:\project\games\UserSettings\Layouts\default-6000.dwlt
[LAYOUT] About to save layout C:/Users/tungd/AppData/Roaming/Unity/Editor-5.x/Preferences\Layouts\current\default-6000.dwlt
[MODES] ModeService[default].InitializeCurrentMode
[MODES] ModeService[default].RaiseModeChanged(default, default)
This project uses Input Manager, which is marked for deprecation. To manage input in your project, use the <a href="https://docs.unity3d.com/Packages/com.unity.inputsystem@latest">Input System package</a> instead.
<RI> Initializing input.
<RI> Input initialized.
[Project] Loading completed in 6.283 seconds
	Project init time: 				4.973 seconds
		Template init time: 		0.000 seconds
		Package Manager init time: 		1.530 seconds
		Asset Database init time: 		0.134 seconds
		Global illumination init time: 	0.003 seconds
		Assemblies load time: 			1.069 seconds
		Unity extensions init time: 	0.001 seconds
		Asset Database refresh time: 	1.454 seconds
	Scene opening time: 			1.066 seconds
##utp:{"type":"ProjectInfo","version":2,"phase":"Immediate","time":1783502026587,"processId":4704,"projectLoad":6.282621300000001,"projectInit":4.9730805,"templateInit":0.0,"packageManagerInit":1.5304062,"assetDatabaseInit":0.1343022,"globalIlluminationInit":0.0026108,"assembliesLoad":1.06854,"unityExtensionsInit":0.0007527,"assetDatabaseRefresh":1.4541331,"sceneOpening":1.0661079}
##utp:{"type":"EditorInfo","version":2,"phase":"Immediate","time":1783502026587,"processId":4704,"editorVersion":"6000.5.2f1 (eb73d3b415a1)","branch":"6000.5/staging","buildType":"Release","platform":"Windows"}
Asset Pipeline Refresh (id=f235e8f6e6e025344964eafef842d4ff): Total: 0.027 seconds - Initiated by RefreshV2(AllowForceSynchronousImport)
Worker ready: AssetImportWorkerHW0 0
Dynamic Batching is deprecated and will be removed in a future release. Use GPU Instancing instead. Disable Dynamic Batching in Project Settings > Player > Other Settings to remove this warning.
UnityEngine.Debug:ExtractStackTraceNoAlloc (byte*,int,string)
UnityEngine.StackTraceUtility:ExtractStackTrace ()
UnityEngine.DebugLogHandler:Internal_Log (UnityEngine.LogType,UnityEngine.LogOption,string,UnityEngine.Object)
UnityEngine.DebugLogHandler:LogFormat (UnityEngine.LogType,UnityEngine.Object,string,object[])
UnityEngine.Logger:Log (UnityEngine.LogType,object)
UnityEngine.Debug:LogWarning (object)
UnityEditor.PlayerSettingsBatchingWarning:WarnIfDynamicBatchingEnabled ()
UnityEditor.EditorApplication:Internal_CallUpdateFunctions ()

[Licensing::Client] Successfully resolved entitlement details
[Licensing::Client] Successfully updated the access token
[Licensing::Module] Successfully updated access token: "XZU6b3Jq"... (expires: 2026-07-08T10:36:28Z)
Created GICache directory at C:/Users/tungd/AppData/LocalLow/Unity/Caches/GiCache. Took: 0.008s, timestamps: [7.260 - 7.268]
[Licensing::Client] Successfully resolved entitlement details
Start Indexing on Editor startup
[Indexing] Starting Initial Indexing for Assets
Asset Pipeline Refresh (id=80b8d4bd24949ea498f1c71d57e19e5c): Total: 0.004 seconds - Initiated by RefreshV2(AllowForceSynchronousImport)
Reloading assemblies for play mode.
Reloading assemblies after forced synchronous recompile.
Begin MonoManager ReloadAssembly
Native extension for WindowsStandalone target not found
Native extension for WebGL target not found
ScheduleIndexationOnStartup MainProcess:True IndexOnStartup:True
[MODES] ModeService[none].Initialize
[MODES] ModeService[none].LoadModes
Mono: successfully reloaded assembly
- Finished resetting the current domain, in  0.994 seconds
Domain Reload Profiling: 1500ms
	BeginReloadAssembly (358ms)
		DisableScriptedObjects (91ms)
		CreateAndSetChildDomain (104ms)
	RebuildCommonClasses (10ms)
	RebuildNativeTypeToScriptingClass (19ms)
	initialDomainReloadingComplete (34ms)
	LoadAllAssembliesAndSetupDomain (84ms)
		LoadAssemblies (105ms)
		AnalyzeDomain (5ms)
			TypeCache.Refresh (4ms)
	FinalizeReload (995ms)
		SetupLoadedEditorAssemblies (0ms)
			BeforeProcessingInitializeOnLoad (85ms)
			ProcessInitializeOnLoadAttributes (70ms)
			ProcessInitializeOnLoadMethodAttributes (73ms)
		AwakeInstancesAfterBackupRestoration (484ms)

Asset Pipeline Refresh (id=774da6543d9736949a0efb12b8727ad5): Total: 1.599 seconds - Initiated by StopAssetImportingV2(ForceSynchronousImport | ForceDomainReload)
	(Values over 0.05ms)
	Summary:
		Imports: total=0 (actual=0, local cache=0, cache server=0)
		Asset DB Process Time: managed=0 ms, native=1028 ms
		Asset DB Callback time: managed=42 ms, native=3 ms
		Scripting: domain reloads=1, domain reload time=521 ms, compile time=2 ms, other=0 ms
		Project Asset Count: scripts=121, non-scripts=82
		Asset File Changes: new=0, changed=0, moved=0, deleted=0
		Scan Filter Count: 0
	InvokePackagesCallback: 1.219ms
	ApplyChangesToAssetFolders: 0.197ms
	Collect global state as custom dependencies: 0.143ms
	ProcessAssetsWithTransientArtifactChanges: 2.052ms
	CategorizeAssets: 1.126ms
	CompileScripts: 1.801ms
	ImportOutOfDateAssets: 997.561ms (995.379ms without children)
		UnloadImportedAssets: 1.411ms
		ImportSchedulerStart: 0.726ms
	PostProcessAllAssets: 44.556ms
		PostProcessCallbackCreateDeferredMaterials 0.146ms
		RaytracingShaderImportPostprocess 0.082ms
		ShaderAssetModifiedCallback 0.072ms
		MonoPostProcessAllAssets: 42.926ms
			WindowAssetPostprocessingWatcher.OnPostprocessAllAssets 11.057ms
			BuilderAssetPostprocessor.OnPostprocessAllAssets 8.955ms
			AssetPostprocessor.OnPostprocessAllAssets 4.660ms
			AssetChangedListener.OnPostprocessAllAssets 2.020ms
			SyncVS.PostprocessSyncProject 1.488ms
			RetainedModeAssetPostprocessor.OnPostprocessAllAssets 1.036ms
			SpeedTree9Postprocessor.OnPostprocessAllAssets 0.847ms
			ArtifactBrowserPostProcessor.OnPostprocessAllAssets 0.671ms
			TextAssetPostProcessor.OnPostprocessAllAssets 0.644ms
			ReferencedClipsPostProcessor.OnPostprocessAllAssets 0.329ms
			AudioMixerPostprocessor.OnPostprocessAllAssets 0.297ms
			ConfigAssetsTracker.OnPostprocessAllAssets 0.236ms
			StyleCatalogPostProcessor.OnPostprocessAllAssets 0.230ms
			AssetDatabaseCallbacks.OnPostprocessAllAssets 0.223ms
			ScenarioDriftAssetsTracker.OnPostprocessAllAssets 0.218ms
			AssetEvents.OnPostprocessAllAssets 0.200ms
			SpeedTreePostProcessor.OnPostprocessAllAssets 0.149ms
			TerrainToolbarOverlayPostProcessor.OnPostprocessAllAssets 0.134ms
			AudioContainerPostProcessor.OnPostprocessAllAssets 0.083ms
			RenderPipelineGlobalSettingsPostprocessor.OnPostprocessAllAssets 0.080ms
	PostAssetChangesProfiler: 1.680ms
	UnloadStreamsBegin: 1.256ms
	GenerateScriptTypeHashes: 0.093ms
	GenerateScriptTypeSerializationHashes: 0.217ms
	Untracked: 544.395ms

Loaded scene 'Temp/__Backupscenes/0.backup'
	Deserialize:            0.767 ms
	Integration:            75.956 ms
	Integration of assets:  0.002 ms
	Thread Wait Time:       0.018 ms
	Total Operation Time:   76.742 ms
Curl error 35: Cert verify failed. Certificate could not be verified (either omitted or unsupported). UnityTls error code: 7
[Licensing::Client] Successfully resolved entitlement details
MonoPathRemapper: Attempts to remap: 2494; Successful remaps: 364
Serialized file version minimum: 23, current 23
Curl error 42: Callback aborted
[LAYOUT] About to save layout D:\project\games\UserSettings\Layouts\default-6000.dwlt
[LAYOUT] About to save layout C:/Users/tungd/AppData/Roaming/Unity/Editor-5.x/Preferences\Layouts\current\default-6000.dwlt
[Physics::Module] Cleanup current backend.
[Physics::Module] Id: 0xf2b8ea05
Input System module state changed to: ShutdownInProgress.
Input Polling Thread exited.
Input System module state changed to: Shutdown.
[Licensing::IpcConnector] LicenseClient-tungd-6000.5.2-notifications channel disconnected successfully.
[Licensing::IpcConnector] LicenseClient-tungd-6000.5.2 channel disconnected successfully.
Shut down.
AcceleratorClientConnectionCallback - disconnected - :0
Cleanup mono
CodeReloadManager destroyed
abort_threads: Failed aborting id: 000000000000341C, mono_thread_manage will ignore it

abort_threads: Failed aborting id: 0000000000004D70, mono_thread_manage will ignore it

abort_threads: Failed aborting id: 000000000000341C, mono_thread_manage will ignore it

abort_threads: Failed aborting id: 0000000000004D70, mono_thread_manage will ignore it

debugger-agent: Unable to listen on 4624
Checking for leaked weakptr:
  Found no leaked weakptrs.
[Package Manager] Server process was shutdown
##utp:{"type":"MemoryLeaks","version":2,"phase":"Immediate","time":1783502039732,"processId":4704,"allocatedMemory":45126816,"memoryLabels":[{"Default":168090},{"Permanent":15516},{"NewDelete":66897},{"Thread":4205728},{"Manager":31144},{"VertexData":8},{"Geometry":816},{"Texture":24},{"Shader":847540},{"Material":24},{"GfxDevice":62072},{"GfxThread":1536},{"Animation":952},{"Audio":880},{"FreeType":8},{"FontEngine":736},{"Physics":2146},{"Physics2D":16},{"Serialization":168264},{"Input":42840},{"JobScheduler":256},{"TextLib":14806},{"Mono":48},{"ScriptingNativeRuntime":674964},{"BaseObject":1713866},{"Resource":1208},{"Renderer":3080},{"Transform":4685},{"File":1032},{"WebCam":616},{"Culling":32},{"Terrain":11442},{"Wind":24},{"STL":40},{"String":9451},{"StaticString":3808},{"Utility":2672850},{"Curl":48},{"PoolAlloc":2168},{"AI":80},{"TypeTree":8869},{"CodeReload":448},{"RuntimeInitializeOnLoadManager":64},{"Sprites":102},{"SpriteAtlas":120},{"GI":7816},{"Director":8296},{"CloudService":7240},{"WebRequest":848},{"VR":47114},{"SceneManager":608},{"Video":208},{"LazyScriptCache":32},{"NativeArray":33044240},{"Camera":17},{"Secure":265},{"SerializationCache":1576},{"APIUpdating":10320},{"Subsystems":336},{"VirtualTexturing":57888},{"StaticSafetyDebugInfo":278528},{"Analytics":552},{"Hierarchy":1176},{"UIElements":201616},{"CoreStats":13688},{"Identifiers":6768},{"Gui":206},{"EditorUtility":180037},{"VersionControl":8},{"Undo":931},{"AssetDatabase":464779},{"AssetImporter":40},{"EditorGi":328},{"UnityConnect":35346},{"Upm":1988},{"UpmDiagnostics":8},{"AssetCompliance":64},{"DrivenProperties":72},{"LocalIPC":227},{"ProfilerEditor":9746},{"CoreBusinessMetrics":3480},{"Windowing":456},{"Licensing":664},{"AssetReference":32},{"IPCStream":32}]}
